#
# A fatal error has been detected by the Java Runtime Environment:
#
#  Internal Error (javaClasses.cpp:136), pid=4324, tid=3000
#  fatal error: Invalid layout of preloaded class
#
# JRE version:  (7.0_51-b13) (build )
# Java VM: Java HotSpot(TM) Client VM (24.51-b03 mixed mode windows-x86 )
# Failed to write core dump. Minidumps are not enabled by default on client versions of Windows
#
# If you would like to submit a bug report, please visit:
#   http://bugreport.sun.com/bugreport/crash.jsp
#

---------------  T H R E A D  ---------------

Current thread (0x00ecc000):  JavaThread "Unknown thread" [_thread_in_vm, id=3000, stack(0x00ed0000,0x00f20000)]

Stack: [0x00ed0000,0x00f20000],  sp=0x00f1f580,  free space=317k
Native frames: (J=compiled Java code, j=interpreted, Vv=VM code, C=native code)
V  [jvm.dll+0x18e0f1]
V  [jvm.dll+0x187e66]
V  [jvm.dll+0x3586a]
V  [jvm.dll+0x358f6]
V  [jvm.dll+0x4400d]
V  [jvm.dll+0x442be]
V  [jvm.dll+0x9263a]
V  [jvm.dll+0x929eb]
V  [jvm.dll+0x13dc51]
V  [jvm.dll+0x16076c]
V  [jvm.dll+0xc8ebf]
C  [javaw.exe+0x13ce]
C  [javaw.exe+0x1e40]
C  [javaw.exe+0xa5b1]
C  [javaw.exe+0xa63b]
C  [kernel32.dll+0x51154]
C  [ntdll.dll+0x5b299]
C  [ntdll.dll+0x5b26c]


---------------  P R O C E S S  ---------------

Java Threads: ( => current thread )

Other Threads:

=>0x00ecc000 (exited) JavaThread "Unknown thread" [_thread_in_vm, id=3000, stack(0x00ed0000,0x00f20000)]

VM state:not at safepoint (not fully initialized)

VM Mutex/Monitor currently owned by a thread: None

GC Heap History (0 events):
No events

Deoptimization events (0 events):
No events

Internal exceptions (0 events):
No events

Events (10 events):
Event: 0.221 loading class 0x00d4ba38 done
Event: 0.222 loading class 0x00d4b4c8 done
Event: 0.222 loading class 0x00d4b4a8
Event: 0.222 loading class 0x00d527d0
Event: 0.223 loading class 0x00d527d0 done
Event: 0.223 loading class 0x00d52800
Event: 0.223 loading class 0x00d52800 done
Event: 0.223 loading class 0x00d52830
Event: 0.223 loading class 0x00d52830 done
Event: 0.223 loading class 0x00d4b4a8 done


Dynamic libraries:
0x010c0000 - 0x010ef000 	G:\Program Files\Java\jre7\bin\javaw.exe
0x772e0000 - 0x7741c000 	C:\windows\SYSTEM32\ntdll.dll
0x76c10000 - 0x76ce4000 	C:\windows\system32\kernel32.dll
0x756e0000 - 0x7572b000 	C:\windows\system32\KERNELBASE.dll
0x75860000 - 0x75900000 	C:\windows\system32\ADVAPI32.dll
0x757b0000 - 0x7585c000 	C:\windows\system32\msvcrt.dll
0x77460000 - 0x77479000 	C:\windows\SYSTEM32\sechost.dll
0x75a10000 - 0x75ab1000 	C:\windows\system32\RPCRT4.dll
0x77070000 - 0x77139000 	C:\windows\system32\USER32.dll
0x75c80000 - 0x75cce000 	C:\windows\system32\GDI32.dll
0x77420000 - 0x7742a000 	C:\windows\system32\LPK.dll
0x76d50000 - 0x76ded000 	C:\windows\system32\USP10.dll
0x74350000 - 0x744ee000 	C:\windows\WinSxS\x86_microsoft.windows.common-controls_6595b64144ccf1df_6.0.7600.16661_none_420fe3fa2b8113bd\COMCTL32.dll
0x76cf0000 - 0x76d47000 	C:\windows\system32\SHLWAPI.dll
0x77440000 - 0x7745f000 	C:\windows\system32\IMM32.DLL
0x76e60000 - 0x76f2c000 	C:\windows\system32\MSCTF.dll
0x5d950000 - 0x5da0f000 	G:\Program Files\Java\jre7\bin\msvcr100.dll
0x65d30000 - 0x660b0000 	G:\Program Files\Java\jre7\bin\client\jvm.dll
0x69420000 - 0x69427000 	C:\windows\system32\WSOCK32.dll
0x76e20000 - 0x76e55000 	C:\windows\system32\WS2_32.dll
0x75900000 - 0x75906000 	C:\windows\system32\NSI.dll
0x731b0000 - 0x731e2000 	C:\windows\system32\WINMM.dll
0x77430000 - 0x77435000 	C:\windows\system32\PSAPI.DLL
0x68780000 - 0x6878c000 	G:\Program Files\Java\jre7\bin\verify.dll
0x68760000 - 0x68780000 	G:\Program Files\Java\jre7\bin\java.dll
0x68740000 - 0x68753000 	G:\Program Files\Java\jre7\bin\zip.dll
0x6bb20000 - 0x6bc0b000 	C:\windows\system32\dbghelp.dll

VM Arguments:
jvm_args: -Dfile.encoding=GBK -Xbootclasspath:D:\eclipse\adt-bundle-windows-x86-20130219\sdk\platforms\android-15\android.jar 
java_command: com.boredream.borecontact.a
Launcher Type: SUN_STANDARD

Environment Variables:
PATH=G:/Program Files/Java/jre7/bin/client;G:/Program Files/Java/jre7/bin;G:/Program Files/Java/jre7/lib/i386;C:\windows\system32;C:\windows;C:\windows\System32\Wbem;C:\windows\System32\WindowsPowerShell\v1.0\;D:\eclipse\adt-bundle-windows-x86-20130219\eclipse;
USERNAME=BoreDream
OS=Windows_NT
PROCESSOR_IDENTIFIER=x86 Family 6 Model 23 Stepping 10, GenuineIntel



---------------  S Y S T E M  ---------------

OS: Windows 7 Build 7600 

CPU:total 2 (2 cores per cpu, 1 threads per core) family 6 model 23 stepping 10, cmov, cx8, fxsr, mmx, sse, sse2, sse3, ssse3, sse4.1, tsc

Memory: 4k page, physical 3109484k(938576k free), swap 6217204k(3273152k free)

vm_info: Java HotSpot(TM) Client VM (24.51-b03) for windows-x86 JRE (1.7.0_51-b13), built on Dec 18 2013 19:09:58 by "java_re" with unknown MS VC++:1600

time: Sun May 03 15:07:37 2015
elapsed time: 0 seconds

